[[1;34mINFO[m] Scanning for projects...
[[1;34mINFO[m] 
[[1;34mINFO[m] [1m------------------< [0;36mcom.community:community-backend[0;1m >-------------------[m
[[1;34mINFO[m] [1mBuilding community-backend 1.0.0[m
[[1;34mINFO[m] [1m--------------------------------[ jar ]---------------------------------[m
[[1;34mINFO[m] 
[[1;34mINFO[m] [1m>>> [0;32mspring-boot-maven-plugin:2.7.18:run[m [1m(default-cli)[0;1m > [0;1mtest-compile[m @ [36mcommunity-backend[0;1m >>>[m
[[1;33mWARNING[m] The artifact mysql:mysql-connector-java:jar:8.0.33 has been relocated to com.mysql:mysql-connector-j:jar:8.0.33
[[1;34mINFO[m] 
[[1;34mINFO[m] [1m--- [0;32mmaven-resources-plugin:3.2.0:resources[m [1m(default-resources)[m @ [36mcommunity-backend[0;1m ---[m
[[1;34mINFO[m] Using 'UTF-8' encoding to copy filtered resources.
[[1;34mINFO[m] Using 'UTF-8' encoding to copy filtered properties files.
[[1;34mINFO[m] Copying 1 resource
[[1;34mINFO[m] Copying 2 resources
[[1;34mINFO[m] 
[[1;34mINFO[m] [1m--- [0;32mmaven-compiler-plugin:3.10.1:compile[m [1m(default-compile)[m @ [36mcommunity-backend[0;1m ---[m
[[1;34mINFO[m] Nothing to compile - all classes are up to date
[[1;34mINFO[m] 
[[1;34mINFO[m] [1m--- [0;32mmaven-resources-plugin:3.2.0:testResources[m [1m(default-testResources)[m @ [36mcommunity-backend[0;1m ---[m
[[1;34mINFO[m] Using 'UTF-8' encoding to copy filtered resources.
[[1;34mINFO[m] Using 'UTF-8' encoding to copy filtered properties files.
[[1;34mINFO[m] skip non existing resourceDirectory /root/community/backend/src/test/resources
[[1;34mINFO[m] 
[[1;34mINFO[m] [1m--- [0;32mmaven-compiler-plugin:3.10.1:testCompile[m [1m(default-testCompile)[m @ [36mcommunity-backend[0;1m ---[m
[[1;34mINFO[m] No sources to compile
[[1;34mINFO[m] 
[[1;34mINFO[m] [1m<<< [0;32mspring-boot-maven-plugin:2.7.18:run[m [1m(default-cli)[0;1m < [0;1mtest-compile[m @ [36mcommunity-backend[0;1m <<<[m
[[1;34mINFO[m] 
[[1;34mINFO[m] 
[[1;34mINFO[m] [1m--- [0;32mspring-boot-maven-plugin:2.7.18:run[m [1m(default-cli)[m @ [36mcommunity-backend[0;1m ---[m
[[1;34mINFO[m] Attaching agents: []

  .   ____          _            __ _ _
 /\\ / ___'_ __ _ _(_)_ __  __ _ \ \ \ \
( ( )\___ | '_ | '_| | '_ \/ _` | \ \ \ \
 \\/  ___)| |_)| | | | | || (_| |  ) ) ) )
  '  |____| .__|_| |_|_| |_\__, | / / / /
 =========|_|==============|___/=/_/_/_/
 :: Spring Boot ::               (v2.7.18)

2025-09-14 09:06:06 [main] INFO  com.community.CommunityApplication - Starting CommunityApplication using Java 11.0.27 with PID 662076 (/root/community/backend/target/classes started by root in /root/community/backend)
2025-09-14 09:06:06 [main] INFO  com.community.CommunityApplication - No active profile set, falling back to 1 default profile: "default"
2025-09-14 09:06:07 [main] INFO  o.s.boot.web.embedded.tomcat.TomcatWebServer - Tomcat initialized with port(s): 8080 (http)
2025-09-14 09:06:07 [main] INFO  org.apache.catalina.core.StandardService - Starting service [Tomcat]
2025-09-14 09:06:07 [main] INFO  org.apache.catalina.core.StandardEngine - Starting Servlet engine: [Apache Tomcat/9.0.83]
2025-09-14 09:06:07 [main] INFO  o.a.c.c.ContainerBase.[Tomcat].[localhost].[/api] - Initializing Spring embedded WebApplicationContext
2025-09-14 09:06:07 [main] INFO  o.s.b.w.s.c.ServletWebServerApplicationContext - Root WebApplicationContext: initialization completed in 1378 ms
Logging initialized using 'class org.apache.ibatis.logging.stdout.StdOutImpl' adapter.
Parsed mapper file: 'file [/root/community/backend/target/classes/mapper/ArticleMapper.xml]'
Parsed mapper file: 'file [/root/community/backend/target/classes/mapper/UserMapper.xml]'
2025-09-14 09:06:08 [main] INFO  o.s.boot.web.embedded.tomcat.TomcatWebServer - Tomcat started on port(s): 8080 (http) with context path '/api'
2025-09-14 09:06:08 [main] INFO  com.community.CommunityApplication - Started CommunityApplication in 2.726 seconds (JVM running for 3.09)
=================================
äº¤æµç¤¾åŒºåŽç«¯æœåŠ¡å¯åŠ¨æˆåŠŸï¼
è®¿é—®åœ°å€: http://localhost:8080/api
=================================
2025-09-14 09:06:58 [http-nio-8080-exec-1] INFO  o.a.c.c.ContainerBase.[Tomcat].[localhost].[/api] - Initializing Spring DispatcherServlet 'dispatcherServlet'
2025-09-14 09:06:58 [http-nio-8080-exec-1] INFO  org.springframework.web.servlet.DispatcherServlet - Initializing Servlet 'dispatcherServlet'
2025-09-14 09:06:58 [http-nio-8080-exec-1] INFO  org.springframework.web.servlet.DispatcherServlet - Completed initialization in 2 ms
Creating a new SqlSession
SqlSession [org.apache.ibatis.session.defaults.DefaultSqlSession@16375c78] was not registered for synchronization because synchronization is not active
2025-09-14 09:06:58 [http-nio-8080-exec-1] INFO  com.zaxxer.hikari.HikariDataSource - HikariPool-1 - Starting...
2025-09-14 09:06:59 [http-nio-8080-exec-1] INFO  com.zaxxer.hikari.HikariDataSource - HikariPool-1 - Start completed.
JDBC Connection [HikariProxyConnection@649567744 wrapping com.mysql.cj.jdbc.ConnectionImpl@20925a94] will not be managed by Spring
==>  Preparing: SELECT a.id, a.title, a.content, a.summary, a.author_id, a.status, a.view_count, a.created_at, a.updated_at, u.username as author_username, u.email as author_email, u.avatar as author_avatar, u.bio as author_bio FROM articles a LEFT JOIN users u ON a.author_id = u.id WHERE a.status = 'PUBLISHED' ORDER BY a.created_at DESC
==> Parameters: 
<==    Columns: id, title, content, summary, author_id, status, view_count, created_at, updated_at, author_username, author_email, author_avatar, author_bio
<==        Row: 1, APIæµ‹è¯•æ–‡ç« , <<BLOB>>, <<BLOB>>, 1, PUBLISHED, 0, 2025-09-14 09:04:02, 2025-09-14 09:04:02, admin, admin@community.com, null, <<BLOB>>
<==      Total: 1
Closing non transactional SqlSession [org.apache.ibatis.session.defaults.DefaultSqlSession@16375c78]
Creating a new SqlSession
SqlSession [org.apache.ibatis.session.defaults.DefaultSqlSession@5c007706] was not registered for synchronization because synchronization is not active
JDBC Connection [HikariProxyConnection@1388810998 wrapping com.mysql.cj.jdbc.ConnectionImpl@20925a94] will not be managed by Spring
==>  Preparing: SELECT a.id, a.title, a.content, a.summary, a.author_id, a.status, a.view_count, a.created_at, a.updated_at, u.username as author_username, u.email as author_email, u.avatar as author_avatar, u.bio as author_bio FROM articles a LEFT JOIN users u ON a.author_id = u.id WHERE a.status = 'PUBLISHED' ORDER BY a.created_at DESC
==> Parameters: 
<==    Columns: id, title, content, summary, author_id, status, view_count, created_at, updated_at, author_username, author_email, author_avatar, author_bio
<==        Row: 1, APIæµ‹è¯•æ–‡ç« , <<BLOB>>, <<BLOB>>, 1, PUBLISHED, 0, 2025-09-14 09:04:02, 2025-09-14 09:04:02, admin, admin@community.com, null, <<BLOB>>
<==      Total: 1
Closing non transactional SqlSession [org.apache.ibatis.session.defaults.DefaultSqlSession@5c007706]
Creating a new SqlSession
SqlSession [org.apache.ibatis.session.defaults.DefaultSqlSession@628ed94c] was not registered for synchronization because synchronization is not active
JDBC Connection [HikariProxyConnection@1074864547 wrapping com.mysql.cj.jdbc.ConnectionImpl@20925a94] will not be managed by Spring
==>  Preparing: SELECT a.id, a.title, a.content, a.summary, a.author_id, a.status, a.view_count, a.created_at, a.updated_at, u.username as author_username, u.email as author_email, u.avatar as author_avatar, u.bio as author_bio FROM articles a LEFT JOIN users u ON a.author_id = u.id WHERE a.status = 'PUBLISHED' ORDER BY a.created_at DESC
==> Parameters: 
<==    Columns: id, title, content, summary, author_id, status, view_count, created_at, updated_at, author_username, author_email, author_avatar, author_bio
<==        Row: 1, APIæµ‹è¯•æ–‡ç« , <<BLOB>>, <<BLOB>>, 1, PUBLISHED, 0, 2025-09-14 09:04:02, 2025-09-14 09:04:02, admin, admin@community.com, null, <<BLOB>>
<==      Total: 1
Closing non transactional SqlSession [org.apache.ibatis.session.defaults.DefaultSqlSession@628ed94c]
Creating a new SqlSession
SqlSession [org.apache.ibatis.session.defaults.DefaultSqlSession@6f36a271] was not registered for synchronization because synchronization is not active
JDBC Connection [HikariProxyConnection@1643200999 wrapping com.mysql.cj.jdbc.ConnectionImpl@20925a94] will not be managed by Spring
==>  Preparing: SELECT a.id, a.title, a.content, a.summary, a.author_id, a.status, a.view_count, a.created_at, a.updated_at, u.username as author_username, u.email as author_email, u.avatar as author_avatar, u.bio as author_bio FROM articles a LEFT JOIN users u ON a.author_id = u.id WHERE a.status = 'PUBLISHED' ORDER BY a.created_at DESC
==> Parameters: 
<==    Columns: id, title, content, summary, author_id, status, view_count, created_at, updated_at, author_username, author_email, author_avatar, author_bio
<==        Row: 1, APIæµ‹è¯•æ–‡ç« , <<BLOB>>, <<BLOB>>, 1, PUBLISHED, 0, 2025-09-14 09:04:02, 2025-09-14 09:04:02, admin, admin@community.com, null, <<BLOB>>
<==      Total: 1
Closing non transactional SqlSession [org.apache.ibatis.session.defaults.DefaultSqlSession@6f36a271]
Creating a new SqlSession
SqlSession [org.apache.ibatis.session.defaults.DefaultSqlSession@3f4938d] was not registered for synchronization because synchronization is not active
JDBC Connection [HikariProxyConnection@1316559410 wrapping com.mysql.cj.jdbc.ConnectionImpl@20925a94] will not be managed by Spring
==>  Preparing: SELECT id, username, email, password, avatar, bio, created_at, updated_at FROM users WHERE username = ?
==> Parameters: admin(String)
<==    Columns: id, username, email, password, avatar, bio, created_at, updated_at
<==        Row: 1, admin, admin@community.com, e10adc3949ba59abbe56e057f20f883e, null, <<BLOB>>, 2025-09-12 12:16:56, 2025-09-14 09:03:54
<==      Total: 1
Closing non transactional SqlSession [org.apache.ibatis.session.defaults.DefaultSqlSession@3f4938d]
Creating a new SqlSession
SqlSession [org.apache.ibatis.session.defaults.DefaultSqlSession@3f1a0717] was not registered for synchronization because synchronization is not active
JDBC Connection [HikariProxyConnection@836632196 wrapping com.mysql.cj.jdbc.ConnectionImpl@20925a94] will not be managed by Spring
==>  Preparing: SELECT a.id, a.title, a.content, a.summary, a.author_id, a.status, a.view_count, a.created_at, a.updated_at, u.username as author_username, u.email as author_email, u.avatar as author_avatar, u.bio as author_bio FROM articles a LEFT JOIN users u ON a.author_id = u.id WHERE a.status = 'PUBLISHED' ORDER BY a.created_at DESC
==> Parameters: 
<==    Columns: id, title, content, summary, author_id, status, view_count, created_at, updated_at, author_username, author_email, author_avatar, author_bio
<==        Row: 1, APIæµ‹è¯•æ–‡ç« , <<BLOB>>, <<BLOB>>, 1, PUBLISHED, 0, 2025-09-14 09:04:02, 2025-09-14 09:04:02, admin, admin@community.com, null, <<BLOB>>
<==      Total: 1
Closing non transactional SqlSession [org.apache.ibatis.session.defaults.DefaultSqlSession@3f1a0717]
Creating a new SqlSession
SqlSession [org.apache.ibatis.session.defaults.DefaultSqlSession@53a18c0c] was not registered for synchronization because synchronization is not active
JDBC Connection [HikariProxyConnection@818574423 wrapping com.mysql.cj.jdbc.ConnectionImpl@20925a94] will not be managed by Spring
==>  Preparing: SELECT a.id, a.title, a.content, a.summary, a.author_id, a.status, a.view_count, a.created_at, a.updated_at, u.username as author_username, u.email as author_email, u.avatar as author_avatar, u.bio as author_bio FROM articles a LEFT JOIN users u ON a.author_id = u.id WHERE a.status = 'PUBLISHED' ORDER BY a.created_at DESC
==> Parameters: 
<==    Columns: id, title, content, summary, author_id, status, view_count, created_at, updated_at, author_username, author_email, author_avatar, author_bio
<==        Row: 1, APIæµ‹è¯•æ–‡ç« , <<BLOB>>, <<BLOB>>, 1, PUBLISHED, 0, 2025-09-14 09:04:02, 2025-09-14 09:04:02, admin, admin@community.com, null, <<BLOB>>
<==      Total: 1
Closing non transactional SqlSession [org.apache.ibatis.session.defaults.DefaultSqlSession@53a18c0c]
Creating a new SqlSession
SqlSession [org.apache.ibatis.session.defaults.DefaultSqlSession@2e993761] was not registered for synchronization because synchronization is not active
JDBC Connection [HikariProxyConnection@836472798 wrapping com.mysql.cj.jdbc.ConnectionImpl@20925a94] will not be managed by Spring
==>  Preparing: INSERT INTO articles (title, content, summary, author_id, status, view_count) VALUES (?, ?, ?, ?, ?, ?)
==> Parameters: hehe(String), po(String), oo(String), 1(Long), PUBLISHED(String), 0(Integer)
<==    Updates: 1
Closing non transactional SqlSession [org.apache.ibatis.session.defaults.DefaultSqlSession@2e993761]
Creating a new SqlSession
SqlSession [org.apache.ibatis.session.defaults.DefaultSqlSession@912c8db] was not registered for synchronization because synchronization is not active
JDBC Connection [HikariProxyConnection@402896823 wrapping com.mysql.cj.jdbc.ConnectionImpl@20925a94] will not be managed by Spring
==>  Preparing: SELECT a.id, a.title, a.content, a.summary, a.author_id, a.status, a.view_count, a.created_at, a.updated_at, u.username as author_username, u.email as author_email, u.avatar as author_avatar, u.bio as author_bio FROM articles a LEFT JOIN users u ON a.author_id = u.id WHERE a.id = ?
==> Parameters: 2(Long)
<==    Columns: id, title, content, summary, author_id, status, view_count, created_at, updated_at, author_username, author_email, author_avatar, author_bio
<==        Row: 2, hehe, <<BLOB>>, <<BLOB>>, 1, PUBLISHED, 0, 2025-09-14 09:10:30, 2025-09-14 09:10:30, admin, admin@community.com, null, <<BLOB>>
<==      Total: 1
Closing non transactional SqlSession [org.apache.ibatis.session.defaults.DefaultSqlSession@912c8db]
Creating a new SqlSession
SqlSession [org.apache.ibatis.session.defaults.DefaultSqlSession@49165ea6] was not registered for synchronization because synchronization is not active
JDBC Connection [HikariProxyConnection@242311566 wrapping com.mysql.cj.jdbc.ConnectionImpl@20925a94] will not be managed by Spring
==>  Preparing: SELECT a.id, a.title, a.content, a.summary, a.author_id, a.status, a.view_count, a.created_at, a.updated_at, u.username as author_username, u.email as author_email, u.avatar as author_avatar, u.bio as author_bio FROM articles a LEFT JOIN users u ON a.author_id = u.id WHERE a.id = ?
==> Parameters: 2(Long)
<==    Columns: id, title, content, summary, author_id, status, view_count, created_at, updated_at, author_username, author_email, author_avatar, author_bio
<==        Row: 2, hehe, <<BLOB>>, <<BLOB>>, 1, PUBLISHED, 0, 2025-09-14 09:10:30, 2025-09-14 09:10:30, admin, admin@community.com, null, <<BLOB>>
<==      Total: 1
Closing non transactional SqlSession [org.apache.ibatis.session.defaults.DefaultSqlSession@49165ea6]
Creating a new SqlSession
SqlSession [org.apache.ibatis.session.defaults.DefaultSqlSession@76e044f2] was not registered for synchronization because synchronization is not active
JDBC Connection [HikariProxyConnection@234407910 wrapping com.mysql.cj.jdbc.ConnectionImpl@20925a94] will not be managed by Spring
==>  Preparing: UPDATE articles SET view_count = view_count + 1 WHERE id = ?
==> Parameters: 2(Long)
<==    Updates: 1
Closing non transactional SqlSession [org.apache.ibatis.session.defaults.DefaultSqlSession@76e044f2]
Creating a new SqlSession
SqlSession [org.apache.ibatis.session.defaults.DefaultSqlSession@22a30eb4] was not registered for synchronization because synchronization is not active
JDBC Connection [HikariProxyConnection@875474234 wrapping com.mysql.cj.jdbc.ConnectionImpl@20925a94] will not be managed by Spring
==>  Preparing: SELECT a.id, a.title, a.content, a.summary, a.author_id, a.status, a.view_count, a.created_at, a.updated_at, u.username as author_username, u.email as author_email, u.avatar as author_avatar, u.bio as author_bio FROM articles a LEFT JOIN users u ON a.author_id = u.id WHERE a.id = ?
==> Parameters: 2(Long)
<==    Columns: id, title, content, summary, author_id, status, view_count, created_at, updated_at, author_username, author_email, author_avatar, author_bio
<==        Row: 2, hehe, <<BLOB>>, <<BLOB>>, 1, PUBLISHED, 1, 2025-09-14 09:10:30, 2025-09-14 09:10:30, admin, admin@community.com, null, <<BLOB>>
<==      Total: 1
Closing non transactional SqlSession [org.apache.ibatis.session.defaults.DefaultSqlSession@22a30eb4]
Creating a new SqlSession
SqlSession [org.apache.ibatis.session.defaults.DefaultSqlSession@544036f6] was not registered for synchronization because synchronization is not active
JDBC Connection [HikariProxyConnection@1848398948 wrapping com.mysql.cj.jdbc.ConnectionImpl@20925a94] will not be managed by Spring
==>  Preparing: UPDATE articles SET view_count = view_count + 1 WHERE id = ?
==> Parameters: 2(Long)
<==    Updates: 1
Closing non transactional SqlSession [org.apache.ibatis.session.defaults.DefaultSqlSession@544036f6]
Creating a new SqlSession
SqlSession [org.apache.ibatis.session.defaults.DefaultSqlSession@154bc4a9] was not registered for synchronization because synchronization is not active
JDBC Connection [HikariProxyConnection@1346984036 wrapping com.mysql.cj.jdbc.ConnectionImpl@20925a94] will not be managed by Spring
==>  Preparing: SELECT a.id, a.title, a.content, a.summary, a.author_id, a.status, a.view_count, a.created_at, a.updated_at, u.username as author_username, u.email as author_email, u.avatar as author_avatar, u.bio as author_bio FROM articles a LEFT JOIN users u ON a.author_id = u.id WHERE a.status = 'PUBLISHED' ORDER BY a.created_at DESC
==> Parameters: 
<==    Columns: id, title, content, summary, author_id, status, view_count, created_at, updated_at, author_username, author_email, author_avatar, author_bio
<==        Row: 2, hehe, <<BLOB>>, <<BLOB>>, 1, PUBLISHED, 2, 2025-09-14 09:10:30, 2025-09-14 09:10:31, admin, admin@community.com, null, <<BLOB>>
<==        Row: 1, APIæµ‹è¯•æ–‡ç« , <<BLOB>>, <<BLOB>>, 1, PUBLISHED, 0, 2025-09-14 09:04:02, 2025-09-14 09:04:02, admin, admin@community.com, null, <<BLOB>>
<==      Total: 2
Closing non transactional SqlSession [org.apache.ibatis.session.defaults.DefaultSqlSession@154bc4a9]
Creating a new SqlSession
SqlSession [org.apache.ibatis.session.defaults.DefaultSqlSession@729024cc] was not registered for synchronization because synchronization is not active
JDBC Connection [HikariProxyConnection@1723909995 wrapping com.mysql.cj.jdbc.ConnectionImpl@20925a94] will not be managed by Spring
==>  Preparing: SELECT a.id, a.title, a.content, a.summary, a.author_id, a.status, a.view_count, a.created_at, a.updated_at, u.username as author_username, u.email as author_email, u.avatar as author_avatar, u.bio as author_bio FROM articles a LEFT JOIN users u ON a.author_id = u.id WHERE a.status = 'PUBLISHED' ORDER BY a.created_at DESC
==> Parameters: 
<==    Columns: id, title, content, summary, author_id, status, view_count, created_at, updated_at, author_username, author_email, author_avatar, author_bio
<==        Row: 2, hehe, <<BLOB>>, <<BLOB>>, 1, PUBLISHED, 2, 2025-09-14 09:10:30, 2025-09-14 09:10:31, admin, admin@community.com, null, <<BLOB>>
<==        Row: 1, APIæµ‹è¯•æ–‡ç« , <<BLOB>>, <<BLOB>>, 1, PUBLISHED, 0, 2025-09-14 09:04:02, 2025-09-14 09:04:02, admin, admin@community.com, null, <<BLOB>>
<==      Total: 2
Closing non transactional SqlSession [org.apache.ibatis.session.defaults.DefaultSqlSession@729024cc]
Creating a new SqlSession
SqlSession [org.apache.ibatis.session.defaults.DefaultSqlSession@3f49f446] was not registered for synchronization because synchronization is not active
JDBC Connection [HikariProxyConnection@2051763659 wrapping com.mysql.cj.jdbc.ConnectionImpl@20925a94] will not be managed by Spring
==>  Preparing: SELECT a.id, a.title, a.content, a.summary, a.author_id, a.status, a.view_count, a.created_at, a.updated_at, u.username as author_username, u.email as author_email, u.avatar as author_avatar, u.bio as author_bio FROM articles a LEFT JOIN users u ON a.author_id = u.id WHERE a.id = ?
==> Parameters: 1(Long)
<==    Columns: id, title, content, summary, author_id, status, view_count, created_at, updated_at, author_username, author_email, author_avatar, author_bio
<==        Row: 1, APIæµ‹è¯•æ–‡ç« , <<BLOB>>, <<BLOB>>, 1, PUBLISHED, 0, 2025-09-14 09:04:02, 2025-09-14 09:04:02, admin, admin@community.com, null, <<BLOB>>
<==      Total: 1
Closing non transactional SqlSession [org.apache.ibatis.session.defaults.DefaultSqlSession@3f49f446]
Creating a new SqlSession
SqlSession [org.apache.ibatis.session.defaults.DefaultSqlSession@182b85ed] was not registered for synchronization because synchronization is not active
JDBC Connection [HikariProxyConnection@496599993 wrapping com.mysql.cj.jdbc.ConnectionImpl@20925a94] will not be managed by Spring
==>  Preparing: UPDATE articles SET view_count = view_count + 1 WHERE id = ?
==> Parameters: 1(Long)
<==    Updates: 1
Closing non transactional SqlSession [org.apache.ibatis.session.defaults.DefaultSqlSession@182b85ed]
Creating a new SqlSession
SqlSession [org.apache.ibatis.session.defaults.DefaultSqlSession@11a6c856] was not registered for synchronization because synchronization is not active
JDBC Connection [HikariProxyConnection@36937122 wrapping com.mysql.cj.jdbc.ConnectionImpl@20925a94] will not be managed by Spring
==>  Preparing: SELECT a.id, a.title, a.content, a.summary, a.author_id, a.status, a.view_count, a.created_at, a.updated_at, u.username as author_username, u.email as author_email, u.avatar as author_avatar, u.bio as author_bio FROM articles a LEFT JOIN users u ON a.author_id = u.id WHERE a.id = ?
==> Parameters: 1(Long)
<==    Columns: id, title, content, summary, author_id, status, view_count, created_at, updated_at, author_username, author_email, author_avatar, author_bio
<==        Row: 1, APIæµ‹è¯•æ–‡ç« , <<BLOB>>, <<BLOB>>, 1, PUBLISHED, 1, 2025-09-14 09:04:02, 2025-09-14 09:10:36, admin, admin@community.com, null, <<BLOB>>
<==      Total: 1
Closing non transactional SqlSession [org.apache.ibatis.session.defaults.DefaultSqlSession@11a6c856]
Creating a new SqlSession
SqlSession [org.apache.ibatis.session.defaults.DefaultSqlSession@7914a31a] was not registered for synchronization because synchronization is not active
JDBC Connection [HikariProxyConnection@335351933 wrapping com.mysql.cj.jdbc.ConnectionImpl@20925a94] will not be managed by Spring
==>  Preparing: UPDATE articles SET view_count = view_count + 1 WHERE id = ?
==> Parameters: 1(Long)
<==    Updates: 1
Closing non transactional SqlSession [org.apache.ibatis.session.defaults.DefaultSqlSession@7914a31a]
Creating a new SqlSession
SqlSession [org.apache.ibatis.session.defaults.DefaultSqlSession@2bc0722d] was not registered for synchronization because synchronization is not active
JDBC Connection [HikariProxyConnection@2071482477 wrapping com.mysql.cj.jdbc.ConnectionImpl@20925a94] will not be managed by Spring
==>  Preparing: SELECT a.id, a.title, a.content, a.summary, a.author_id, a.status, a.view_count, a.created_at, a.updated_at, u.username as author_username, u.email as author_email, u.avatar as author_avatar, u.bio as author_bio FROM articles a LEFT JOIN users u ON a.author_id = u.id WHERE a.id = ?
==> Parameters: 1(Long)
<==    Columns: id, title, content, summary, author_id, status, view_count, created_at, updated_at, author_username, author_email, author_avatar, author_bio
<==        Row: 1, APIæµ‹è¯•æ–‡ç« , <<BLOB>>, <<BLOB>>, 1, PUBLISHED, 2, 2025-09-14 09:04:02, 2025-09-14 09:10:37, admin, admin@community.com, null, <<BLOB>>
<==      Total: 1
Closing non transactional SqlSession [org.apache.ibatis.session.defaults.DefaultSqlSession@2bc0722d]
Creating a new SqlSession
SqlSession [org.apache.ibatis.session.defaults.DefaultSqlSession@50886179] was not registered for synchronization because synchronization is not active
JDBC Connection [HikariProxyConnection@130979242 wrapping com.mysql.cj.jdbc.ConnectionImpl@20925a94] will not be managed by Spring
==>  Preparing: DELETE FROM articles WHERE id = ?
==> Parameters: 1(Long)
<==    Updates: 1
Closing non transactional SqlSession [org.apache.ibatis.session.defaults.DefaultSqlSession@50886179]
Creating a new SqlSession
SqlSession [org.apache.ibatis.session.defaults.DefaultSqlSession@70e0f4bf] was not registered for synchronization because synchronization is not active
JDBC Connection [HikariProxyConnection@523073291 wrapping com.mysql.cj.jdbc.ConnectionImpl@20925a94] will not be managed by Spring
==>  Preparing: SELECT a.id, a.title, a.content, a.summary, a.author_id, a.status, a.view_count, a.created_at, a.updated_at, u.username as author_username, u.email as author_email, u.avatar as author_avatar, u.bio as author_bio FROM articles a LEFT JOIN users u ON a.author_id = u.id WHERE a.status = 'PUBLISHED' ORDER BY a.created_at DESC
==> Parameters: 
<==    Columns: id, title, content, summary, author_id, status, view_count, created_at, updated_at, author_username, author_email, author_avatar, author_bio
<==        Row: 2, hehe, <<BLOB>>, <<BLOB>>, 1, PUBLISHED, 2, 2025-09-14 09:10:30, 2025-09-14 09:10:31, admin, admin@community.com, null, <<BLOB>>
<==      Total: 1
Closing non transactional SqlSession [org.apache.ibatis.session.defaults.DefaultSqlSession@70e0f4bf]
Creating a new SqlSession
SqlSession [org.apache.ibatis.session.defaults.DefaultSqlSession@7661d532] was not registered for synchronization because synchronization is not active
JDBC Connection [HikariProxyConnection@1389294404 wrapping com.mysql.cj.jdbc.ConnectionImpl@20925a94] will not be managed by Spring
==>  Preparing: SELECT a.id, a.title, a.content, a.summary, a.author_id, a.status, a.view_count, a.created_at, a.updated_at, u.username as author_username, u.email as author_email, u.avatar as author_avatar, u.bio as author_bio FROM articles a LEFT JOIN users u ON a.author_id = u.id WHERE a.status = 'PUBLISHED' ORDER BY a.created_at DESC
==> Parameters: 
<==    Columns: id, title, content, summary, author_id, status, view_count, created_at, updated_at, author_username, author_email, author_avatar, author_bio
<==        Row: 2, hehe, <<BLOB>>, <<BLOB>>, 1, PUBLISHED, 2, 2025-09-14 09:10:30, 2025-09-14 09:10:31, admin, admin@community.com, null, <<BLOB>>
<==      Total: 1
Closing non transactional SqlSession [org.apache.ibatis.session.defaults.DefaultSqlSession@7661d532]
Creating a new SqlSession
SqlSession [org.apache.ibatis.session.defaults.DefaultSqlSession@5b93706f] was not registered for synchronization because synchronization is not active
JDBC Connection [HikariProxyConnection@2006214100 wrapping com.mysql.cj.jdbc.ConnectionImpl@20925a94] will not be managed by Spring
==>  Preparing: SELECT a.id, a.title, a.content, a.summary, a.author_id, a.status, a.view_count, a.created_at, a.updated_at, u.username as author_username, u.email as author_email, u.avatar as author_avatar, u.bio as author_bio FROM articles a LEFT JOIN users u ON a.author_id = u.id WHERE a.status = 'PUBLISHED' ORDER BY a.created_at DESC
Creating a new SqlSession
SqlSession [org.apache.ibatis.session.defaults.DefaultSqlSession@561e4d86] was not registered for synchronization because synchronization is not active
==> Parameters: 
<==    Columns: id, title, content, summary, author_id, status, view_count, created_at, updated_at, author_username, author_email, author_avatar, author_bio
JDBC Connection [HikariProxyConnection@1539676937 wrapping com.mysql.cj.jdbc.ConnectionImpl@3987f80e] will not be managed by Spring
==>  Preparing: SELECT id, username, email, password, avatar, bio, created_at, updated_at FROM users WHERE id = ?
==> Parameters: 1(Long)
<==        Row: 2, hehe, <<BLOB>>, <<BLOB>>, 1, PUBLISHED, 2, 2025-09-14 09:10:30, 2025-09-14 09:10:31, admin, admin@community.com, null, <<BLOB>>
<==      Total: 1
Closing non transactional SqlSession [org.apache.ibatis.session.defaults.DefaultSqlSession@5b93706f]
<==    Columns: id, username, email, password, avatar, bio, created_at, updated_at
<==        Row: 1, admin, admin@community.com, e10adc3949ba59abbe56e057f20f883e, null, <<BLOB>>, 2025-09-12 12:16:56, 2025-09-14 09:03:54
<==      Total: 1
Closing non transactional SqlSession [org.apache.ibatis.session.defaults.DefaultSqlSession@561e4d86]
Creating a new SqlSession
SqlSession [org.apache.ibatis.session.defaults.DefaultSqlSession@2e3a6832] was not registered for synchronization because synchronization is not active
JDBC Connection [HikariProxyConnection@1383275328 wrapping com.mysql.cj.jdbc.ConnectionImpl@20925a94] will not be managed by Spring
==>  Preparing: SELECT id, username, email, password, avatar, bio, created_at, updated_at FROM users WHERE id = ?
==> Parameters: 1(Long)
Creating a new SqlSession
SqlSession [org.apache.ibatis.session.defaults.DefaultSqlSession@61d3ae66] was not registered for synchronization because synchronization is not active
JDBC Connection [HikariProxyConnection@712392825 wrapping com.mysql.cj.jdbc.ConnectionImpl@3987f80e] will not be managed by Spring
==>  Preparing: SELECT a.id, a.title, a.content, a.summary, a.author_id, a.status, a.view_count, a.created_at, a.updated_at, u.username as author_username, u.email as author_email, u.avatar as author_avatar, u.bio as author_bio FROM articles a LEFT JOIN users u ON a.author_id = u.id WHERE a.status = 'PUBLISHED' ORDER BY a.created_at DESC
<==    Columns: id, username, email, password, avatar, bio, created_at, updated_at
==> Parameters: 
<==        Row: 1, admin, admin@community.com, e10adc3949ba59abbe56e057f20f883e, null, <<BLOB>>, 2025-09-12 12:16:56, 2025-09-14 09:03:54
<==      Total: 1
Closing non transactional SqlSession [org.apache.ibatis.session.defaults.DefaultSqlSession@2e3a6832]
<==    Columns: id, title, content, summary, author_id, status, view_count, created_at, updated_at, author_username, author_email, author_avatar, author_bio
<==        Row: 2, hehe, <<BLOB>>, <<BLOB>>, 1, PUBLISHED, 2, 2025-09-14 09:10:30, 2025-09-14 09:10:31, admin, admin@community.com, null, <<BLOB>>
<==      Total: 1
Closing non transactional SqlSession [org.apache.ibatis.session.defaults.DefaultSqlSession@61d3ae66]
Creating a new SqlSession
SqlSession [org.apache.ibatis.session.defaults.DefaultSqlSession@4ffadaca] was not registered for synchronization because synchronization is not active
JDBC Connection [HikariProxyConnection@32263375 wrapping com.mysql.cj.jdbc.ConnectionImpl@20925a94] will not be managed by Spring
==>  Preparing: SELECT a.id, a.title, a.content, a.summary, a.author_id, a.status, a.view_count, a.created_at, a.updated_at, u.username as author_username, u.email as author_email, u.avatar as author_avatar, u.bio as author_bio FROM articles a LEFT JOIN users u ON a.author_id = u.id WHERE a.status = 'PUBLISHED' ORDER BY a.created_at DESC
==> Parameters: 
<==    Columns: id, title, content, summary, author_id, status, view_count, created_at, updated_at, author_username, author_email, author_avatar, author_bio
<==        Row: 2, hehe, <<BLOB>>, <<BLOB>>, 1, PUBLISHED, 2, 2025-09-14 09:10:30, 2025-09-14 09:10:31, admin, admin@community.com, null, <<BLOB>>
<==      Total: 1
Closing non transactional SqlSession [org.apache.ibatis.session.defaults.DefaultSqlSession@4ffadaca]
Creating a new SqlSession
SqlSession [org.apache.ibatis.session.defaults.DefaultSqlSession@66fe892a] was not registered for synchronization because synchronization is not active
JDBC Connection [HikariProxyConnection@1978576677 wrapping com.mysql.cj.jdbc.ConnectionImpl@20925a94] will not be managed by Spring
==>  Preparing: SELECT a.id, a.title, a.content, a.summary, a.author_id, a.status, a.view_count, a.created_at, a.updated_at, u.username as author_username, u.email as author_email, u.avatar as author_avatar, u.bio as author_bio FROM articles a LEFT JOIN users u ON a.author_id = u.id WHERE a.status = 'PUBLISHED' ORDER BY a.created_at DESC
==> Parameters: 
<==    Columns: id, title, content, summary, author_id, status, view_count, created_at, updated_at, author_username, author_email, author_avatar, author_bio
<==        Row: 2, hehe, <<BLOB>>, <<BLOB>>, 1, PUBLISHED, 2, 2025-09-14 09:10:30, 2025-09-14 09:10:31, admin, admin@community.com, null, <<BLOB>>
<==      Total: 1
Closing non transactional SqlSession [org.apache.ibatis.session.defaults.DefaultSqlSession@66fe892a]
Creating a new SqlSession
SqlSession [org.apache.ibatis.session.defaults.DefaultSqlSession@7c5b01aa] was not registered for synchronization because synchronization is not active
JDBC Connection [HikariProxyConnection@82543446 wrapping com.mysql.cj.jdbc.ConnectionImpl@20925a94] will not be managed by Spring
==>  Preparing: SELECT a.id, a.title, a.content, a.summary, a.author_id, a.status, a.view_count, a.created_at, a.updated_at, u.username as author_username, u.email as author_email, u.avatar as author_avatar, u.bio as author_bio FROM articles a LEFT JOIN users u ON a.author_id = u.id WHERE a.status = 'PUBLISHED' ORDER BY a.created_at DESC
==> Parameters: 
<==    Columns: id, title, content, summary, author_id, status, view_count, created_at, updated_at, author_username, author_email, author_avatar, author_bio
<==        Row: 2, hehe, <<BLOB>>, <<BLOB>>, 1, PUBLISHED, 2, 2025-09-14 09:10:30, 2025-09-14 09:10:31, admin, admin@community.com, null, <<BLOB>>
<==      Total: 1
Closing non transactional SqlSession [org.apache.ibatis.session.defaults.DefaultSqlSession@7c5b01aa]
Creating a new SqlSession
SqlSession [org.apache.ibatis.session.defaults.DefaultSqlSession@6297ccfa] was not registered for synchronization because synchronization is not active
JDBC Connection [HikariProxyConnection@585134052 wrapping com.mysql.cj.jdbc.ConnectionImpl@3987f80e] will not be managed by Spring
==>  Preparing: SELECT a.id, a.title, a.content, a.summary, a.author_id, a.status, a.view_count, a.created_at, a.updated_at, u.username as author_username, u.email as author_email, u.avatar as author_avatar, u.bio as author_bio FROM articles a LEFT JOIN users u ON a.author_id = u.id WHERE a.status = 'PUBLISHED' ORDER BY a.created_at DESC
==> Parameters: 
<==    Columns: id, title, content, summary, author_id, status, view_count, created_at, updated_at, author_username, author_email, author_avatar, author_bio
<==        Row: 2, hehe, <<BLOB>>, <<BLOB>>, 1, PUBLISHED, 2, 2025-09-14 09:10:30, 2025-09-14 09:10:31, admin, admin@community.com, null, <<BLOB>>
<==      Total: 1
Closing non transactional SqlSession [org.apache.ibatis.session.defaults.DefaultSqlSession@6297ccfa]
Creating a new SqlSession
SqlSession [org.apache.ibatis.session.defaults.DefaultSqlSession@21725950] was not registered for synchronization because synchronization is not active
JDBC Connection [HikariProxyConnection@1638028569 wrapping com.mysql.cj.jdbc.ConnectionImpl@20925a94] will not be managed by Spring
==>  Preparing: SELECT a.id, a.title, a.content, a.summary, a.author_id, a.status, a.view_count, a.created_at, a.updated_at, u.username as author_username, u.email as author_email, u.avatar as author_avatar, u.bio as author_bio FROM articles a LEFT JOIN users u ON a.author_id = u.id WHERE a.status = 'PUBLISHED' ORDER BY a.created_at DESC
==> Parameters: 
<==    Columns: id, title, content, summary, author_id, status, view_count, created_at, updated_at, author_username, author_email, author_avatar, author_bio
<==        Row: 2, hehe, <<BLOB>>, <<BLOB>>, 1, PUBLISHED, 2, 2025-09-14 09:10:30, 2025-09-14 09:10:31, admin, admin@community.com, null, <<BLOB>>
<==      Total: 1
Closing non transactional SqlSession [org.apache.ibatis.session.defaults.DefaultSqlSession@21725950]
Creating a new SqlSession
SqlSession [org.apache.ibatis.session.defaults.DefaultSqlSession@55439184] was not registered for synchronization because synchronization is not active
JDBC Connection [HikariProxyConnection@689939924 wrapping com.mysql.cj.jdbc.ConnectionImpl@3987f80e] will not be managed by Spring
==>  Preparing: SELECT a.id, a.title, a.content, a.summary, a.author_id, a.status, a.view_count, a.created_at, a.updated_at, u.username as author_username, u.email as author_email, u.avatar as author_avatar, u.bio as author_bio FROM articles a LEFT JOIN users u ON a.author_id = u.id WHERE a.status = 'PUBLISHED' ORDER BY a.created_at DESC
==> Parameters: 
<==    Columns: id, title, content, summary, author_id, status, view_count, created_at, updated_at, author_username, author_email, author_avatar, author_bio
<==        Row: 2, hehe, <<BLOB>>, <<BLOB>>, 1, PUBLISHED, 2, 2025-09-14 09:10:30, 2025-09-14 09:10:31, admin, admin@community.com, null, <<BLOB>>
<==      Total: 1
Closing non transactional SqlSession [org.apache.ibatis.session.defaults.DefaultSqlSession@55439184]
Creating a new SqlSession
SqlSession [org.apache.ibatis.session.defaults.DefaultSqlSession@2955341a] was not registered for synchronization because synchronization is not active
JDBC Connection [HikariProxyConnection@820021104 wrapping com.mysql.cj.jdbc.ConnectionImpl@20925a94] will not be managed by Spring
==>  Preparing: SELECT a.id, a.title, a.content, a.summary, a.author_id, a.status, a.view_count, a.created_at, a.updated_at, u.username as author_username, u.email as author_email, u.avatar as author_avatar, u.bio as author_bio FROM articles a LEFT JOIN users u ON a.author_id = u.id WHERE a.status = 'PUBLISHED' ORDER BY a.created_at DESC
==> Parameters: 
<==    Columns: id, title, content, summary, author_id, status, view_count, created_at, updated_at, author_username, author_email, author_avatar, author_bio
<==        Row: 2, hehe, <<BLOB>>, <<BLOB>>, 1, PUBLISHED, 2, 2025-09-14 09:10:30, 2025-09-14 09:10:31, admin, admin@community.com, null, <<BLOB>>
<==      Total: 1
Closing non transactional SqlSession [org.apache.ibatis.session.defaults.DefaultSqlSession@2955341a]
Creating a new SqlSession
SqlSession [org.apache.ibatis.session.defaults.DefaultSqlSession@7a4ddc37] was not registered for synchronization because synchronization is not active
JDBC Connection [HikariProxyConnection@1908128157 wrapping com.mysql.cj.jdbc.ConnectionImpl@20925a94] will not be managed by Spring
==>  Preparing: SELECT a.id, a.title, a.content, a.summary, a.author_id, a.status, a.view_count, a.created_at, a.updated_at, u.username as author_username, u.email as author_email, u.avatar as author_avatar, u.bio as author_bio FROM articles a LEFT JOIN users u ON a.author_id = u.id WHERE a.status = 'PUBLISHED' ORDER BY a.created_at DESC
==> Parameters: 
<==    Columns: id, title, content, summary, author_id, status, view_count, created_at, updated_at, author_username, author_email, author_avatar, author_bio
<==        Row: 2, hehe, <<BLOB>>, <<BLOB>>, 1, PUBLISHED, 2, 2025-09-14 09:10:30, 2025-09-14 09:10:31, admin, admin@community.com, null, <<BLOB>>
<==      Total: 1
Closing non transactional SqlSession [org.apache.ibatis.session.defaults.DefaultSqlSession@7a4ddc37]
Creating a new SqlSession
SqlSession [org.apache.ibatis.session.defaults.DefaultSqlSession@4d176459] was not registered for synchronization because synchronization is not active
JDBC Connection [HikariProxyConnection@1585890176 wrapping com.mysql.cj.jdbc.ConnectionImpl@3987f80e] will not be managed by Spring
==>  Preparing: SELECT id, username, email, password, avatar, bio, created_at, updated_at FROM users WHERE username = ?
==> Parameters: test(String)
<==      Total: 0
Closing non transactional SqlSession [org.apache.ibatis.session.defaults.DefaultSqlSession@4d176459]
Creating a new SqlSession
SqlSession [org.apache.ibatis.session.defaults.DefaultSqlSession@28a38e12] was not registered for synchronization because synchronization is not active
JDBC Connection [HikariProxyConnection@2134284380 wrapping com.mysql.cj.jdbc.ConnectionImpl@20925a94] will not be managed by Spring
==>  Preparing: SELECT id, username, email, password, avatar, bio, created_at, updated_at FROM users WHERE username = ?
==> Parameters: admin(String)
<==    Columns: id, username, email, password, avatar, bio, created_at, updated_at
<==        Row: 1, admin, admin@community.com, e10adc3949ba59abbe56e057f20f883e, null, <<BLOB>>, 2025-09-12 12:16:56, 2025-09-14 09:03:54
<==      Total: 1
Closing non transactional SqlSession [org.apache.ibatis.session.defaults.DefaultSqlSession@28a38e12]
Creating a new SqlSession
SqlSession [org.apache.ibatis.session.defaults.DefaultSqlSession@af2ca6a] was not registered for synchronization because synchronization is not active
JDBC Connection [HikariProxyConnection@2046179283 wrapping com.mysql.cj.jdbc.ConnectionImpl@3987f80e] will not be managed by Spring
==>  Preparing: SELECT id, username, email, password, avatar, bio, created_at, updated_at FROM users WHERE username = ?
==> Parameters: admin(String)
<==    Columns: id, username, email, password, avatar, bio, created_at, updated_at
<==        Row: 1, admin, admin@community.com, e10adc3949ba59abbe56e057f20f883e, null, <<BLOB>>, 2025-09-12 12:16:56, 2025-09-14 09:03:54
<==      Total: 1
Closing non transactional SqlSession [org.apache.ibatis.session.defaults.DefaultSqlSession@af2ca6a]
Creating a new SqlSession
SqlSession [org.apache.ibatis.session.defaults.DefaultSqlSession@a956846] was not registered for synchronization because synchronization is not active
JDBC Connection [HikariProxyConnection@71780151 wrapping com.mysql.cj.jdbc.ConnectionImpl@3987f80e] will not be managed by Spring
==>  Preparing: SELECT id, username, email, password, avatar, bio, created_at, updated_at FROM users WHERE username = ?
==> Parameters: admin(String)
<==    Columns: id, username, email, password, avatar, bio, created_at, updated_at
<==        Row: 1, admin, admin@community.com, e10adc3949ba59abbe56e057f20f883e, null, <<BLOB>>, 2025-09-12 12:16:56, 2025-09-14 09:03:54
<==      Total: 1
Closing non transactional SqlSession [org.apache.ibatis.session.defaults.DefaultSqlSession@a956846]
Creating a new SqlSession
SqlSession [org.apache.ibatis.session.defaults.DefaultSqlSession@d3c6bfc] was not registered for synchronization because synchronization is not active
JDBC Connection [HikariProxyConnection@1052187602 wrapping com.mysql.cj.jdbc.ConnectionImpl@20925a94] will not be managed by Spring
==>  Preparing: SELECT a.id, a.title, a.content, a.summary, a.author_id, a.status, a.view_count, a.created_at, a.updated_at, u.username as author_username, u.email as author_email, u.avatar as author_avatar, u.bio as author_bio FROM articles a LEFT JOIN users u ON a.author_id = u.id WHERE a.status = 'PUBLISHED' ORDER BY a.created_at DESC
==> Parameters: 
<==    Columns: id, title, content, summary, author_id, status, view_count, created_at, updated_at, author_username, author_email, author_avatar, author_bio
<==        Row: 2, hehe, <<BLOB>>, <<BLOB>>, 1, PUBLISHED, 2, 2025-09-14 09:10:30, 2025-09-14 09:10:31, admin, admin@community.com, null, <<BLOB>>
<==      Total: 1
Closing non transactional SqlSession [org.apache.ibatis.session.defaults.DefaultSqlSession@d3c6bfc]
Creating a new SqlSession
SqlSession [org.apache.ibatis.session.defaults.DefaultSqlSession@4bf2570c] was not registered for synchronization because synchronization is not active
JDBC Connection [HikariProxyConnection@2132116350 wrapping com.mysql.cj.jdbc.ConnectionImpl@20925a94] will not be managed by Spring
==>  Preparing: SELECT a.id, a.title, a.content, a.summary, a.author_id, a.status, a.view_count, a.created_at, a.updated_at, u.username as author_username, u.email as author_email, u.avatar as author_avatar, u.bio as author_bio FROM articles a LEFT JOIN users u ON a.author_id = u.id WHERE a.status = 'PUBLISHED' ORDER BY a.created_at DESC
==> Parameters: 
<==    Columns: id, title, content, summary, author_id, status, view_count, created_at, updated_at, author_username, author_email, author_avatar, author_bio
<==        Row: 2, hehe, <<BLOB>>, <<BLOB>>, 1, PUBLISHED, 2, 2025-09-14 09:10:30, 2025-09-14 09:10:31, admin, admin@community.com, null, <<BLOB>>
<==      Total: 1
Closing non transactional SqlSession [org.apache.ibatis.session.defaults.DefaultSqlSession@4bf2570c]
Creating a new SqlSession
SqlSession [org.apache.ibatis.session.defaults.DefaultSqlSession@36a1c802] was not registered for synchronization because synchronization is not active
JDBC Connection [HikariProxyConnection@1353618542 wrapping com.mysql.cj.jdbc.ConnectionImpl@20925a94] will not be managed by Spring
==>  Preparing: SELECT a.id, a.title, a.content, a.summary, a.author_id, a.status, a.view_count, a.created_at, a.updated_at, u.username as author_username, u.email as author_email, u.avatar as author_avatar, u.bio as author_bio FROM articles a LEFT JOIN users u ON a.author_id = u.id WHERE a.status = 'PUBLISHED' ORDER BY a.created_at DESC
==> Parameters: 
<==    Columns: id, title, content, summary, author_id, status, view_count, created_at, updated_at, author_username, author_email, author_avatar, author_bio
<==        Row: 2, hehe, <<BLOB>>, <<BLOB>>, 1, PUBLISHED, 2, 2025-09-14 09:10:30, 2025-09-14 09:10:31, admin, admin@community.com, null, <<BLOB>>
<==      Total: 1
Closing non transactional SqlSession [org.apache.ibatis.session.defaults.DefaultSqlSession@36a1c802]
Creating a new SqlSession
SqlSession [org.apache.ibatis.session.defaults.DefaultSqlSession@4b5138b] was not registered for synchronization because synchronization is not active
JDBC Connection [HikariProxyConnection@403187949 wrapping com.mysql.cj.jdbc.ConnectionImpl@3987f80e] will not be managed by Spring
==>  Preparing: SELECT a.id, a.title, a.content, a.summary, a.author_id, a.status, a.view_count, a.created_at, a.updated_at, u.username as author_username, u.email as author_email, u.avatar as author_avatar, u.bio as author_bio FROM articles a LEFT JOIN users u ON a.author_id = u.id WHERE a.status = 'PUBLISHED' ORDER BY a.created_at DESC
==> Parameters: 
<==    Columns: id, title, content, summary, author_id, status, view_count, created_at, updated_at, author_username, author_email, author_avatar, author_bio
<==        Row: 2, hehe, <<BLOB>>, <<BLOB>>, 1, PUBLISHED, 2, 2025-09-14 09:10:30, 2025-09-14 09:10:31, admin, admin@community.com, null, <<BLOB>>
<==      Total: 1
Closing non transactional SqlSession [org.apache.ibatis.session.defaults.DefaultSqlSession@4b5138b]
Creating a new SqlSession
SqlSession [org.apache.ibatis.session.defaults.DefaultSqlSession@76ba4c0d] was not registered for synchronization because synchronization is not active
JDBC Connection [HikariProxyConnection@109383882 wrapping com.mysql.cj.jdbc.ConnectionImpl@20925a94] will not be managed by Spring
==>  Preparing: SELECT id, username, email, password, avatar, bio, created_at, updated_at FROM users WHERE id = ?
==> Parameters: 1(Long)
<==    Columns: id, username, email, password, avatar, bio, created_at, updated_at
<==        Row: 1, admin, admin@community.com, e10adc3949ba59abbe56e057f20f883e, null, <<BLOB>>, 2025-09-12 12:16:56, 2025-09-14 09:03:54
<==      Total: 1
Closing non transactional SqlSession [org.apache.ibatis.session.defaults.DefaultSqlSession@76ba4c0d]
Creating a new SqlSession
SqlSession [org.apache.ibatis.session.defaults.DefaultSqlSession@52f4af82] was not registered for synchronization because synchronization is not active
JDBC Connection [HikariProxyConnection@2140214270 wrapping com.mysql.cj.jdbc.ConnectionImpl@20925a94] will not be managed by Spring
==>  Preparing: SELECT id, username, email, password, avatar, bio, created_at, updated_at FROM users WHERE id = ?
==> Parameters: 1(Long)
<==    Columns: id, username, email, password, avatar, bio, created_at, updated_at
<==        Row: 1, admin, admin@community.com, e10adc3949ba59abbe56e057f20f883e, null, <<BLOB>>, 2025-09-12 12:16:56, 2025-09-14 09:03:54
<==      Total: 1
Closing non transactional SqlSession [org.apache.ibatis.session.defaults.DefaultSqlSession@52f4af82]
Creating a new SqlSession
SqlSession [org.apache.ibatis.session.defaults.DefaultSqlSession@730b745] was not registered for synchronization because synchronization is not active
JDBC Connection [HikariProxyConnection@1893504519 wrapping com.mysql.cj.jdbc.ConnectionImpl@20925a94] will not be managed by Spring
==>  Preparing: SELECT id, title, content, summary, author_id, status, view_count, created_at, updated_at FROM articles WHERE author_id = ? ORDER BY created_at DESC
==> Parameters: 1(Long)
<==    Columns: id, title, content, summary, author_id, status, view_count, created_at, updated_at
<==        Row: 2, hehe, <<BLOB>>, <<BLOB>>, 1, PUBLISHED, 2, 2025-09-14 09:10:30, 2025-09-14 09:10:31
<==      Total: 1
Closing non transactional SqlSession [org.apache.ibatis.session.defaults.DefaultSqlSession@730b745]
Creating a new SqlSession
SqlSession [org.apache.ibatis.session.defaults.DefaultSqlSession@ba71ba0] was not registered for synchronization because synchronization is not active
JDBC Connection [HikariProxyConnection@399410927 wrapping com.mysql.cj.jdbc.ConnectionImpl@20925a94] will not be managed by Spring
==>  Preparing: SELECT id, title, content, summary, author_id, status, view_count, created_at, updated_at FROM articles WHERE author_id = ? ORDER BY created_at DESC
==> Parameters: 1(Long)
<==    Columns: id, title, content, summary, author_id, status, view_count, created_at, updated_at
<==        Row: 2, hehe, <<BLOB>>, <<BLOB>>, 1, PUBLISHED, 2, 2025-09-14 09:10:30, 2025-09-14 09:10:31
<==      Total: 1
Closing non transactional SqlSession [org.apache.ibatis.session.defaults.DefaultSqlSession@ba71ba0]
Creating a new SqlSession
SqlSession [org.apache.ibatis.session.defaults.DefaultSqlSession@444a58ab] was not registered for synchronization because synchronization is not active
JDBC Connection [HikariProxyConnection@795795049 wrapping com.mysql.cj.jdbc.ConnectionImpl@20925a94] will not be managed by Spring
==>  Preparing: SELECT id, username, email, password, avatar, bio, created_at, updated_at FROM users WHERE username = ?
==> Parameters: admin(String)
<==    Columns: id, username, email, password, avatar, bio, created_at, updated_at
<==        Row: 1, admin, admin@community.com, e10adc3949ba59abbe56e057f20f883e, null, <<BLOB>>, 2025-09-12 12:16:56, 2025-09-14 09:03:54
<==      Total: 1
Closing non transactional SqlSession [org.apache.ibatis.session.defaults.DefaultSqlSession@444a58ab]
Creating a new SqlSession
SqlSession [org.apache.ibatis.session.defaults.DefaultSqlSession@3075b107] was not registered for synchronization because synchronization is not active
JDBC Connection [HikariProxyConnection@137137875 wrapping com.mysql.cj.jdbc.ConnectionImpl@20925a94] will not be managed by Spring
==>  Preparing: SELECT a.id, a.title, a.content, a.summary, a.author_id, a.status, a.view_count, a.created_at, a.updated_at, u.username as author_username, u.email as author_email, u.avatar as author_avatar, u.bio as author_bio FROM articles a LEFT JOIN users u ON a.author_id = u.id WHERE a.status = 'PUBLISHED' ORDER BY a.created_at DESC
==> Parameters: 
<==    Columns: id, title, content, summary, author_id, status, view_count, created_at, updated_at, author_username, author_email, author_avatar, author_bio
<==        Row: 2, hehe, <<BLOB>>, <<BLOB>>, 1, PUBLISHED, 2, 2025-09-14 09:10:30, 2025-09-14 09:10:31, admin, admin@community.com, null, <<BLOB>>
<==      Total: 1
Closing non transactional SqlSession [org.apache.ibatis.session.defaults.DefaultSqlSession@3075b107]
Creating a new SqlSession
SqlSession [org.apache.ibatis.session.defaults.DefaultSqlSession@7f9608bc] was not registered for synchronization because synchronization is not active
JDBC Connection [HikariProxyConnection@1393780110 wrapping com.mysql.cj.jdbc.ConnectionImpl@3987f80e] will not be managed by Spring
==>  Preparing: SELECT a.id, a.title, a.content, a.summary, a.author_id, a.status, a.view_count, a.created_at, a.updated_at, u.username as author_username, u.email as author_email, u.avatar as author_avatar, u.bio as author_bio FROM articles a LEFT JOIN users u ON a.author_id = u.id WHERE a.status = 'PUBLISHED' ORDER BY a.created_at DESC
==> Parameters: 
<==    Columns: id, title, content, summary, author_id, status, view_count, created_at, updated_at, author_username, author_email, author_avatar, author_bio
<==        Row: 2, hehe, <<BLOB>>, <<BLOB>>, 1, PUBLISHED, 2, 2025-09-14 09:10:30, 2025-09-14 09:10:31, admin, admin@community.com, null, <<BLOB>>
<==      Total: 1
Closing non transactional SqlSession [org.apache.ibatis.session.defaults.DefaultSqlSession@7f9608bc]
Creating a new SqlSession
SqlSession [org.apache.ibatis.session.defaults.DefaultSqlSession@2a76c74c] was not registered for synchronization because synchronization is not active
JDBC Connection [HikariProxyConnection@243805227 wrapping com.mysql.cj.jdbc.ConnectionImpl@20925a94] will not be managed by Spring
==>  Preparing: SELECT a.id, a.title, a.content, a.summary, a.author_id, a.status, a.view_count, a.created_at, a.updated_at, u.username as author_username, u.email as author_email, u.avatar as author_avatar, u.bio as author_bio FROM articles a LEFT JOIN users u ON a.author_id = u.id WHERE a.id = ?
==> Parameters: 2(Long)
<==    Columns: id, title, content, summary, author_id, status, view_count, created_at, updated_at, author_username, author_email, author_avatar, author_bio
<==        Row: 2, hehe, <<BLOB>>, <<BLOB>>, 1, PUBLISHED, 2, 2025-09-14 09:10:30, 2025-09-14 09:10:31, admin, admin@community.com, null, <<BLOB>>
<==      Total: 1
Closing non transactional SqlSession [org.apache.ibatis.session.defaults.DefaultSqlSession@2a76c74c]
Creating a new SqlSession
SqlSession [org.apache.ibatis.session.defaults.DefaultSqlSession@2d0a8b64] was not registered for synchronization because synchronization is not active
JDBC Connection [HikariProxyConnection@828011822 wrapping com.mysql.cj.jdbc.ConnectionImpl@20925a94] will not be managed by Spring
==>  Preparing: UPDATE articles SET view_count = view_count + 1 WHERE id = ?
==> Parameters: 2(Long)
<==    Updates: 1
Closing non transactional SqlSession [org.apache.ibatis.session.defaults.DefaultSqlSession@2d0a8b64]
Creating a new SqlSession
SqlSession [org.apache.ibatis.session.defaults.DefaultSqlSession@1ec4d25b] was not registered for synchronization because synchronization is not active
JDBC Connection [HikariProxyConnection@1521094490 wrapping com.mysql.cj.jdbc.ConnectionImpl@20925a94] will not be managed by Spring
==>  Preparing: SELECT a.id, a.title, a.content, a.summary, a.author_id, a.status, a.view_count, a.created_at, a.updated_at, u.username as author_username, u.email as author_email, u.avatar as author_avatar, u.bio as author_bio FROM articles a LEFT JOIN users u ON a.author_id = u.id WHERE a.id = ?
==> Parameters: 2(Long)
<==    Columns: id, title, content, summary, author_id, status, view_count, created_at, updated_at, author_username, author_email, author_avatar, author_bio
<==        Row: 2, hehe, <<BLOB>>, <<BLOB>>, 1, PUBLISHED, 3, 2025-09-14 09:10:30, 2025-09-14 09:25:41, admin, admin@community.com, null, <<BLOB>>
<==      Total: 1
Closing non transactional SqlSession [org.apache.ibatis.session.defaults.DefaultSqlSession@1ec4d25b]
Creating a new SqlSession
SqlSession [org.apache.ibatis.session.defaults.DefaultSqlSession@54fc4a6c] was not registered for synchronization because synchronization is not active
JDBC Connection [HikariProxyConnection@1821514914 wrapping com.mysql.cj.jdbc.ConnectionImpl@20925a94] will not be managed by Spring
==>  Preparing: UPDATE articles SET view_count = view_count + 1 WHERE id = ?
==> Parameters: 2(Long)
<==    Updates: 1
Closing non transactional SqlSession [org.apache.ibatis.session.defaults.DefaultSqlSession@54fc4a6c]
Creating a new SqlSession
SqlSession [org.apache.ibatis.session.defaults.DefaultSqlSession@22cbc00c] was not registered for synchronization because synchronization is not active
JDBC Connection [HikariProxyConnection@541315471 wrapping com.mysql.cj.jdbc.ConnectionImpl@20925a94] will not be managed by Spring
==>  Preparing: SELECT a.id, a.title, a.content, a.summary, a.author_id, a.status, a.view_count, a.created_at, a.updated_at, u.username as author_username, u.email as author_email, u.avatar as author_avatar, u.bio as author_bio FROM articles a LEFT JOIN users u ON a.author_id = u.id WHERE a.status = 'PUBLISHED' ORDER BY a.created_at DESC
==> Parameters: 
<==    Columns: id, title, content, summary, author_id, status, view_count, created_at, updated_at, author_username, author_email, author_avatar, author_bio
<==        Row: 2, hehe, <<BLOB>>, <<BLOB>>, 1, PUBLISHED, 4, 2025-09-14 09:10:30, 2025-09-14 09:25:41, admin, admin@community.com, null, <<BLOB>>
<==      Total: 1
Closing non transactional SqlSession [org.apache.ibatis.session.defaults.DefaultSqlSession@22cbc00c]
Creating a new SqlSession
SqlSession [org.apache.ibatis.session.defaults.DefaultSqlSession@252fd814] was not registered for synchronization because synchronization is not active
JDBC Connection [HikariProxyConnection@375831818 wrapping com.mysql.cj.jdbc.ConnectionImpl@20925a94] will not be managed by Spring
==>  Preparing: SELECT a.id, a.title, a.content, a.summary, a.author_id, a.status, a.view_count, a.created_at, a.updated_at, u.username as author_username, u.email as author_email, u.avatar as author_avatar, u.bio as author_bio FROM articles a LEFT JOIN users u ON a.author_id = u.id WHERE a.status = 'PUBLISHED' ORDER BY a.created_at DESC
==> Parameters: 
<==    Columns: id, title, content, summary, author_id, status, view_count, created_at, updated_at, author_username, author_email, author_avatar, author_bio
<==        Row: 2, hehe, <<BLOB>>, <<BLOB>>, 1, PUBLISHED, 4, 2025-09-14 09:10:30, 2025-09-14 09:25:41, admin, admin@community.com, null, <<BLOB>>
<==      Total: 1
Closing non transactional SqlSession [org.apache.ibatis.session.defaults.DefaultSqlSession@252fd814]
Creating a new SqlSession
SqlSession [org.apache.ibatis.session.defaults.DefaultSqlSession@60ca00b0] was not registered for synchronization because synchronization is not active
JDBC Connection [HikariProxyConnection@1678734856 wrapping com.mysql.cj.jdbc.ConnectionImpl@20925a94] will not be managed by Spring
==>  Preparing: SELECT id, title, content, summary, author_id, status, view_count, created_at, updated_at FROM articles WHERE author_id = ? ORDER BY created_at DESC
==> Parameters: 1(Long)
<==    Columns: id, title, content, summary, author_id, status, view_count, created_at, updated_at
<==        Row: 2, hehe, <<BLOB>>, <<BLOB>>, 1, PUBLISHED, 4, 2025-09-14 09:10:30, 2025-09-14 09:25:41
<==      Total: 1
Closing non transactional SqlSession [org.apache.ibatis.session.defaults.DefaultSqlSession@60ca00b0]
Creating a new SqlSession
SqlSession [org.apache.ibatis.session.defaults.DefaultSqlSession@613ceef4] was not registered for synchronization because synchronization is not active
JDBC Connection [HikariProxyConnection@1347483127 wrapping com.mysql.cj.jdbc.ConnectionImpl@3987f80e] will not be managed by Spring
==>  Preparing: SELECT id, title, content, summary, author_id, status, view_count, created_at, updated_at FROM articles WHERE author_id = ? ORDER BY created_at DESC
==> Parameters: 1(Long)
<==    Columns: id, title, content, summary, author_id, status, view_count, created_at, updated_at
<==        Row: 2, hehe, <<BLOB>>, <<BLOB>>, 1, PUBLISHED, 4, 2025-09-14 09:10:30, 2025-09-14 09:25:41
<==      Total: 1
Closing non transactional SqlSession [org.apache.ibatis.session.defaults.DefaultSqlSession@613ceef4]
Creating a new SqlSession
SqlSession [org.apache.ibatis.session.defaults.DefaultSqlSession@7185be2c] was not registered for synchronization because synchronization is not active
JDBC Connection [HikariProxyConnection@1210988807 wrapping com.mysql.cj.jdbc.ConnectionImpl@20925a94] will not be managed by Spring
==>  Preparing: INSERT INTO articles (title, content, summary, author_id, status, view_count) VALUES (?, ?, ?, ?, ?, ?)
==> Parameters:  MVCC (å¤šç‰ˆæœ¬å¹¶å‘æŽ§åˆ¶) çš„å†…å®¹ã€‚(String), æ ¸å¿ƒæ¦‚å¿µï¼š
ç›®çš„ï¼š æé«˜æ•°æ®åº“çš„å¹¶å‘æ€§èƒ½ï¼Œé¿å…è¯»å†™å†²çªæ—¶åŠ é”ï¼Œå®žçŽ°éžé˜»å¡žçš„å¹¶å‘è¯»ã€‚
å·¥ä½œåŽŸç†ï¼š ä¸»è¦ä¾èµ–äºŽè¡Œè®°å½•ä¸­çš„ä¸¤ä¸ªéšè—å­—æ®µä»¥åŠ undo log å’Œ ReadViewã€‚
å…³é”®ç»„ä»¶ï¼š
éšè—å­—æ®µï¼š
trx_idï¼šè®°å½•æœ€è¿‘ä¿®æ”¹è¯¥è¡Œè®°å½•çš„äº‹åŠ¡ IDã€‚
roll_ptrï¼šæŒ‡å‘è¯¥è¡Œçš„ä¸Šä¸€ä¸ªç‰ˆæœ¬ï¼ˆé€šè¿‡ undo log è®¡ç®—å¾—å‡ºï¼‰ã€‚
undo logï¼š å­˜å‚¨è¡Œçš„æ—§ç‰ˆæœ¬ï¼Œç”¨äºŽäº‹åŠ¡å›žæ»šå’Œ MVCC çš„ç‰ˆæœ¬é“¾ã€‚
ReadView (å¯è¯»è§†å›¾)ï¼š äº‹åŠ¡åœ¨è¿›è¡Œå¿«ç…§è¯»æ—¶åˆ›å»ºï¼Œå®ƒè®°å½•äº†äº‹åŠ¡åœ¨æŸä¸ªæ—¶é—´ç‚¹ä¸Šæ•°æ®åº“çš„çŠ¶æ€ï¼Œç”¨äºŽåˆ¤æ–­äº‹åŠ¡æ˜¯å¦èƒ½çœ‹åˆ°æŸä¸ªç‰ˆæœ¬çš„æ•°æ®ã€‚ ReadView ä¸­åŒ…å«ä»¥ä¸‹ä¿¡æ¯ï¼š
å½“å‰æ´»è·ƒï¼ˆæœªæäº¤ï¼‰çš„äº‹åŠ¡ ID é›†åˆã€‚
æœ€å°æ´»è·ƒäº‹åŠ¡ IDã€‚
é¢„åˆ†é…äº‹åŠ¡ IDï¼ˆæœ€å¤§æ´»è·ƒäº‹åŠ¡ ID + 1ï¼‰ã€‚
åˆ›å»º ReadView çš„äº‹åŠ¡ ID (creator_trx_id)ã€‚
MVCC çš„å·¥ä½œæµç¨‹ï¼ˆå¦‚ä½•åˆ¤æ–­æ•°æ®çš„å¯è§æ€§ï¼‰ï¼š
åˆ¤æ–­æ˜¯å¦ç”±æœ¬äº‹åŠ¡ç”Ÿæˆï¼š å¦‚æžœ trx_id ç­‰äºŽ creator_trx_idï¼Œåˆ™è®°å½•å¯è§ï¼Œæ— éœ€è¿›ä¸€æ­¥åˆ¤æ–­ã€‚
åˆ¤æ–­äº‹åŠ¡ ID æ˜¯å¦å°äºŽæœ€å°æ´»è·ƒäº‹åŠ¡ IDï¼š å¦‚æžœè®°å½•çš„äº‹åŠ¡ ID å°äºŽæœ€å°æ´»è·ƒäº‹åŠ¡ IDï¼Œåˆ™è¯´æ˜Žè¯¥è®°å½•å·²æäº¤ï¼Œæ—©äºŽæ‰€æœ‰å½“å‰æ´»è·ƒäº‹åŠ¡ï¼Œå› æ­¤å¯è§ã€‚
åˆ¤æ–­äº‹åŠ¡ ID æ˜¯å¦åœ¨ ReadView çš„ min_trx_id å’Œ max_trx_id ä¹‹é—´ï¼š å¦‚æžœè®°å½•çš„äº‹åŠ¡ ID ä¸åœ¨æ´»è·ƒäº‹åŠ¡é›†åˆä¸­ï¼Œè¯´æ˜Žè¯¥è®°å½•å·²æäº¤ï¼Œå› æ­¤å¯è§ã€‚
å¦‚æžœä»¥ä¸Šæ¡ä»¶å‡ä¸æ»¡è¶³ï¼š æœ¬æ¡æ•°æ®å¯¹å½“å‰äº‹åŠ¡ä¸å¯è§ã€‚ æ­¤æ—¶ï¼Œé€šè¿‡ roll_ptr å›žæº¯åˆ°ä¸Šä¸€ç‰ˆæœ¬çš„è¡Œè®°å½•ï¼Œå¹¶é‡å¤ä»¥ä¸Šåˆ¤æ–­ï¼Œç›´åˆ°æ‰¾åˆ°å¯¹å½“å‰äº‹åŠ¡å¯è§çš„ç‰ˆæœ¬æˆ–æ•°æ®ä¸å­˜åœ¨ã€‚
ReadView çš„ç”Ÿæˆæ—¶æœºï¼š
RC (Read Committed) éš”ç¦»çº§åˆ«ï¼š æ¯æ¬¡æ‰§è¡Œå¿«ç…§è¯»æ—¶éƒ½ç”Ÿæˆä¸€ä¸ª ReadViewã€‚
RR (Repeatable Read) éš”ç¦»çº§åˆ«ï¼š ç¬¬ä¸€æ¬¡æ‰§è¡Œå¿«ç…§è¯»æ—¶ç”Ÿæˆä¸€ä¸ª ReadViewï¼Œæ­¤åŽè¯¥äº‹åŠ¡çš„æ‰€æœ‰å¿«ç…§è¯»éƒ½å¤ç”¨è¯¥ ReadViewã€‚è‹¥æœ¬èº«äº‹åŠ¡æ‰§è¡Œå½“å‰è¯»æ“ä½œï¼Œä¼šé‡æ–°å»ºç«‹å¿«ç…§ã€‚(String), æ ¸å¿ƒæ¦‚å¿µï¼š
ç›®çš„ï¼š æé«˜æ•°æ®åº“çš„å¹¶å‘æ€§èƒ½ï¼Œé¿å…è¯»å†™å†²çªæ—¶åŠ é”ï¼Œå®žçŽ°éžé˜»å¡žçš„å¹¶å‘è¯»ã€‚
å·¥ä½œåŽŸç†ï¼š ä¸»è¦ä¾èµ–äºŽè¡Œè®°å½•ä¸­çš„ä¸¤ä¸ªéšè—å­—æ®µä»¥åŠ undo log å’Œ ReadViewã€‚
å…³é”®ç»„ä»¶ï¼š
éšè—å­—æ®µï¼š
...(String), 1(Long), PUBLISHED(String), 0(Integer)
<==    Updates: 1
Closing non transactional SqlSession [org.apache.ibatis.session.defaults.DefaultSqlSession@7185be2c]
Creating a new SqlSession
SqlSession [org.apache.ibatis.session.defaults.DefaultSqlSession@15506aa3] was not registered for synchronization because synchronization is not active
JDBC Connection [HikariProxyConnection@739221263 wrapping com.mysql.cj.jdbc.ConnectionImpl@20925a94] will not be managed by Spring
==>  Preparing: SELECT a.id, a.title, a.content, a.summary, a.author_id, a.status, a.view_count, a.created_at, a.updated_at, u.username as author_username, u.email as author_email, u.avatar as author_avatar, u.bio as author_bio FROM articles a LEFT JOIN users u ON a.author_id = u.id WHERE a.id = ?
==> Parameters: 3(Long)
<==    Columns: id, title, content, summary, author_id, status, view_count, created_at, updated_at, author_username, author_email, author_avatar, author_bio
<==        Row: 3,  MVCC (å¤šç‰ˆæœ¬å¹¶å‘æŽ§åˆ¶) çš„å†…å®¹ã€‚, <<BLOB>>, <<BLOB>>, 1, PUBLISHED, 0, 2025-09-14 09:26:55, 2025-09-14 09:26:55, admin, admin@community.com, null, <<BLOB>>
<==      Total: 1
Closing non transactional SqlSession [org.apache.ibatis.session.defaults.DefaultSqlSession@15506aa3]
Creating a new SqlSession
SqlSession [org.apache.ibatis.session.defaults.DefaultSqlSession@2c3dfd85] was not registered for synchronization because synchronization is not active
JDBC Connection [HikariProxyConnection@1769364722 wrapping com.mysql.cj.jdbc.ConnectionImpl@20925a94] will not be managed by Spring
==>  Preparing: SELECT a.id, a.title, a.content, a.summary, a.author_id, a.status, a.view_count, a.created_at, a.updated_at, u.username as author_username, u.email as author_email, u.avatar as author_avatar, u.bio as author_bio FROM articles a LEFT JOIN users u ON a.author_id = u.id WHERE a.id = ?
==> Parameters: 3(Long)
<==    Columns: id, title, content, summary, author_id, status, view_count, created_at, updated_at, author_username, author_email, author_avatar, author_bio
<==        Row: 3,  MVCC (å¤šç‰ˆæœ¬å¹¶å‘æŽ§åˆ¶) çš„å†…å®¹ã€‚, <<BLOB>>, <<BLOB>>, 1, PUBLISHED, 0, 2025-09-14 09:26:55, 2025-09-14 09:26:55, admin, admin@community.com, null, <<BLOB>>
<==      Total: 1
Closing non transactional SqlSession [org.apache.ibatis.session.defaults.DefaultSqlSession@2c3dfd85]
Creating a new SqlSession
SqlSession [org.apache.ibatis.session.defaults.DefaultSqlSession@33e72636] was not registered for synchronization because synchronization is not active
JDBC Connection [HikariProxyConnection@1886725146 wrapping com.mysql.cj.jdbc.ConnectionImpl@20925a94] will not be managed by Spring
==>  Preparing: UPDATE articles SET view_count = view_count + 1 WHERE id = ?
==> Parameters: 3(Long)
<==    Updates: 1
Closing non transactional SqlSession [org.apache.ibatis.session.defaults.DefaultSqlSession@33e72636]
Creating a new SqlSession
SqlSession [org.apache.ibatis.session.defaults.DefaultSqlSession@50eb9dbf] was not registered for synchronization because synchronization is not active
JDBC Connection [HikariProxyConnection@1301017388 wrapping com.mysql.cj.jdbc.ConnectionImpl@20925a94] will not be managed by Spring
==>  Preparing: SELECT a.id, a.title, a.content, a.summary, a.author_id, a.status, a.view_count, a.created_at, a.updated_at, u.username as author_username, u.email as author_email, u.avatar as author_avatar, u.bio as author_bio FROM articles a LEFT JOIN users u ON a.author_id = u.id WHERE a.id = ?
==> Parameters: 3(Long)
<==    Columns: id, title, content, summary, author_id, status, view_count, created_at, updated_at, author_username, author_email, author_avatar, author_bio
<==        Row: 3,  MVCC (å¤šç‰ˆæœ¬å¹¶å‘æŽ§åˆ¶) çš„å†…å®¹ã€‚, <<BLOB>>, <<BLOB>>, 1, PUBLISHED, 1, 2025-09-14 09:26:55, 2025-09-14 09:26:56, admin, admin@community.com, null, <<BLOB>>
<==      Total: 1
Closing non transactional SqlSession [org.apache.ibatis.session.defaults.DefaultSqlSession@50eb9dbf]
Creating a new SqlSession
SqlSession [org.apache.ibatis.session.defaults.DefaultSqlSession@260d03b5] was not registered for synchronization because synchronization is not active
JDBC Connection [HikariProxyConnection@713520302 wrapping com.mysql.cj.jdbc.ConnectionImpl@20925a94] will not be managed by Spring
==>  Preparing: UPDATE articles SET view_count = view_count + 1 WHERE id = ?
==> Parameters: 3(Long)
<==    Updates: 1
Closing non transactional SqlSession [org.apache.ibatis.session.defaults.DefaultSqlSession@260d03b5]
Creating a new SqlSession
SqlSession [org.apache.ibatis.session.defaults.DefaultSqlSession@1c7fc1dd] was not registered for synchronization because synchronization is not active
JDBC Connection [HikariProxyConnection@1399060742 wrapping com.mysql.cj.jdbc.ConnectionImpl@3987f80e] will not be managed by Spring
==>  Preparing: SELECT a.id, a.title, a.content, a.summary, a.author_id, a.status, a.view_count, a.created_at, a.updated_at, u.username as author_username, u.email as author_email, u.avatar as author_avatar, u.bio as author_bio FROM articles a LEFT JOIN users u ON a.author_id = u.id WHERE a.status = 'PUBLISHED' ORDER BY a.created_at DESC
==> Parameters: 
<==    Columns: id, title, content, summary, author_id, status, view_count, created_at, updated_at, author_username, author_email, author_avatar, author_bio
<==        Row: 3,  MVCC (å¤šç‰ˆæœ¬å¹¶å‘æŽ§åˆ¶) çš„å†…å®¹ã€‚, <<BLOB>>, <<BLOB>>, 1, PUBLISHED, 2, 2025-09-14 09:26:55, 2025-09-14 09:26:57, admin, admin@community.com, null, <<BLOB>>
<==        Row: 2, hehe, <<BLOB>>, <<BLOB>>, 1, PUBLISHED, 4, 2025-09-14 09:10:30, 2025-09-14 09:25:41, admin, admin@community.com, null, <<BLOB>>
<==      Total: 2
Closing non transactional SqlSession [org.apache.ibatis.session.defaults.DefaultSqlSession@1c7fc1dd]
Creating a new SqlSession
SqlSession [org.apache.ibatis.session.defaults.DefaultSqlSession@75a1591b] was not registered for synchronization because synchronization is not active
JDBC Connection [HikariProxyConnection@201964896 wrapping com.mysql.cj.jdbc.ConnectionImpl@20925a94] will not be managed by Spring
==>  Preparing: SELECT a.id, a.title, a.content, a.summary, a.author_id, a.status, a.view_count, a.created_at, a.updated_at, u.username as author_username, u.email as author_email, u.avatar as author_avatar, u.bio as author_bio FROM articles a LEFT JOIN users u ON a.author_id = u.id WHERE a.status = 'PUBLISHED' ORDER BY a.created_at DESC
==> Parameters: 
<==    Columns: id, title, content, summary, author_id, status, view_count, created_at, updated_at, author_username, author_email, author_avatar, author_bio
<==        Row: 3,  MVCC (å¤šç‰ˆæœ¬å¹¶å‘æŽ§åˆ¶) çš„å†…å®¹ã€‚, <<BLOB>>, <<BLOB>>, 1, PUBLISHED, 2, 2025-09-14 09:26:55, 2025-09-14 09:26:57, admin, admin@community.com, null, <<BLOB>>
<==        Row: 2, hehe, <<BLOB>>, <<BLOB>>, 1, PUBLISHED, 4, 2025-09-14 09:10:30, 2025-09-14 09:25:41, admin, admin@community.com, null, <<BLOB>>
<==      Total: 2
Closing non transactional SqlSession [org.apache.ibatis.session.defaults.DefaultSqlSession@75a1591b]
